... loading data
... building the model
... getting the pretraining functions
... pre-training the model
Pre-training layer 0, epoch 0, cost  -98.5364928294
Pre-training layer 0, epoch 1, cost  -83.8445576167
Pre-training layer 0, epoch 2, cost  -80.6960564003
Pre-training layer 0, epoch 3, cost  -79.0383977598
Pre-training layer 0, epoch 4, cost  -77.9289304769
Pre-training layer 0, epoch 5, cost  -77.0886402509
Pre-training layer 0, epoch 6, cost  -76.4052954434
Pre-training layer 0, epoch 7, cost  -75.8301243612
Pre-training layer 0, epoch 8, cost  -75.349188897
Pre-training layer 0, epoch 9, cost  -74.9350097396
Pre-training layer 0, epoch 10, cost  -74.5998971159
Pre-training layer 0, epoch 11, cost  -74.2626780066
Pre-training layer 0, epoch 12, cost  -73.9251497368
Pre-training layer 0, epoch 13, cost  -73.6783177024
Pre-training layer 0, epoch 14, cost  -73.4248703241
Pre-training layer 0, epoch 15, cost  -73.1598562929
Pre-training layer 0, epoch 16, cost  -72.9684918956
Pre-training layer 0, epoch 17, cost  -72.7831253203
Pre-training layer 0, epoch 18, cost  -72.6115281752
Pre-training layer 0, epoch 19, cost  -72.4533053065
Pre-training layer 0, epoch 20, cost  -72.2584977323
Pre-training layer 0, epoch 21, cost  -72.1599483233
Pre-training layer 0, epoch 22, cost  -72.0076372854
Pre-training layer 0, epoch 23, cost  -71.8339388626
Pre-training layer 0, epoch 24, cost  -71.7086349304
Pre-training layer 0, epoch 25, cost  -71.5703502628
Pre-training layer 0, epoch 26, cost  -71.4492202436
Pre-training layer 0, epoch 27, cost  -71.3614874993
Pre-training layer 0, epoch 28, cost  -71.2403644341
Pre-training layer 0, epoch 29, cost  -71.1614516827
Pre-training layer 0, epoch 30, cost  -71.0105506342
Pre-training layer 0, epoch 31, cost  -70.9489627417
Pre-training layer 0, epoch 32, cost  -70.8408530951
Pre-training layer 0, epoch 33, cost  -70.7804044103
Pre-training layer 0, epoch 34, cost  -70.7000025494
Pre-training layer 0, epoch 35, cost  -70.613739708
Pre-training layer 0, epoch 36, cost  -70.5514335083
Pre-training layer 0, epoch 37, cost  -70.4570560007
Pre-training layer 0, epoch 38, cost  -70.3920882409
Pre-training layer 0, epoch 39, cost  -70.3247720576
Pre-training layer 0, epoch 40, cost  -70.2482908164
Pre-training layer 0, epoch 41, cost  -70.1591674516
Pre-training layer 0, epoch 42, cost  -70.1091703514
Pre-training layer 0, epoch 43, cost  -70.0645224943
Pre-training layer 0, epoch 44, cost  -70.000082185
Pre-training layer 0, epoch 45, cost  -69.9830940065
Pre-training layer 0, epoch 46, cost  -69.8976543213
Pre-training layer 0, epoch 47, cost  -69.8396257107
Pre-training layer 0, epoch 48, cost  -69.7876045412
Pre-training layer 0, epoch 49, cost  -69.7366353885
Pre-training layer 0, epoch 50, cost  -69.7108578441
Pre-training layer 0, epoch 51, cost  -69.6882914229
Pre-training layer 0, epoch 52, cost  -69.6289042341
Pre-training layer 0, epoch 53, cost  -69.5678641228
Pre-training layer 0, epoch 54, cost  -69.5400061768
Pre-training layer 0, epoch 55, cost  -69.4881711479
Pre-training layer 0, epoch 56, cost  -69.4577210495
Pre-training layer 0, epoch 57, cost  -69.4444773924
Pre-training layer 0, epoch 58, cost  -69.3944828693
Pre-training layer 0, epoch 59, cost  -69.3660074635
Pre-training layer 0, epoch 60, cost  -69.336382535
Pre-training layer 0, epoch 61, cost  -69.3007823086
Pre-training layer 0, epoch 62, cost  -69.2641916968
Pre-training layer 0, epoch 63, cost  -69.2323673141
Pre-training layer 0, epoch 64, cost  -69.2189939325
Pre-training layer 0, epoch 65, cost  -69.1938563162
Pre-training layer 0, epoch 66, cost  -69.1683578564
Pre-training layer 0, epoch 67, cost  -69.1370290865
Pre-training layer 0, epoch 68, cost  -69.0984911685
Pre-training layer 0, epoch 69, cost  -69.0862274324
Pre-training layer 0, epoch 70, cost  -69.0344342815
Pre-training layer 0, epoch 71, cost  -69.0216529752
Pre-training layer 0, epoch 72, cost  -68.9971841962
Pre-training layer 0, epoch 73, cost  -68.9961085199
Pre-training layer 0, epoch 74, cost  -68.9565411546
Pre-training layer 0, epoch 75